  Block.cpp
d:\github\mine\minesweeper\minesweeper\minesweeper\mecro.h(12): warning C4838: 'int'에서 'SHORT'(으)로의 변환에는 축소 변환이 필요합니다.
  Player.cpp
d:\github\mine\minesweeper\minesweeper\minesweeper\mecro.h(12): warning C4838: 'int'에서 'SHORT'(으)로의 변환에는 축소 변환이 필요합니다.
d:\github\mine\minesweeper\minesweeper\minesweeper\player.cpp(20): warning C4996: 'getch': The POSIX name for this item is deprecated. Instead, use the ISO C and C++ conformant name: _getch. See online help for details.
  c:\program files (x86)\windows kits\10\include\10.0.17763.0\ucrt\conio.h(453): note: 'getch' 선언을 참조하십시오.
d:\github\mine\minesweeper\minesweeper\minesweeper\player.cpp(32): warning C4996: 'getch': The POSIX name for this item is deprecated. Instead, use the ISO C and C++ conformant name: _getch. See online help for details.
  c:\program files (x86)\windows kits\10\include\10.0.17763.0\ucrt\conio.h(453): note: 'getch' 선언을 참조하십시오.
  Draw.cpp
d:\github\mine\minesweeper\minesweeper\minesweeper\mecro.h(12): warning C4838: 'int'에서 'SHORT'(으)로의 변환에는 축소 변환이 필요합니다.
d:\github\mine\minesweeper\minesweeper\minesweeper\draw.cpp(12): warning C4267: '-=': 'size_t'에서 'int'(으)로 변환하면서 데이터가 손실될 수 있습니다.
  GameMain.cpp
d:\github\mine\minesweeper\minesweeper\minesweeper\mecro.h(12): warning C4838: 'int'에서 'SHORT'(으)로의 변환에는 축소 변환이 필요합니다.
d:\github\mine\minesweeper\minesweeper\minesweeper\gamemain.cpp(4): warning C4326: 'main'의 반환 형식이 'int'이어야 하는데 'void'입니다.
d:\github\mine\minesweeper\minesweeper\minesweeper\gamemain.cpp(6): warning C4996: 'sprintf': This function or variable may be unsafe. Consider using sprintf_s instead. To disable deprecation, use _CRT_SECURE_NO_WARNINGS. See online help for details.
  c:\program files (x86)\windows kits\10\include\10.0.17763.0\ucrt\stdio.h(1774): note: 'sprintf' 선언을 참조하십시오.
  Map.cpp
d:\github\mine\minesweeper\minesweeper\minesweeper\mecro.h(12): warning C4838: 'int'에서 'SHORT'(으)로의 변환에는 축소 변환이 필요합니다.
  MapFactory.cpp
d:\github\mine\minesweeper\minesweeper\minesweeper\mecro.h(12): warning C4838: 'int'에서 'SHORT'(으)로의 변환에는 축소 변환이 필요합니다.
  Minesweeper.cpp
d:\github\mine\minesweeper\minesweeper\minesweeper\mecro.h(12): warning C4838: 'int'에서 'SHORT'(으)로의 변환에는 축소 변환이 필요합니다.
d:\github\mine\minesweeper\minesweeper\minesweeper\minesweeper.cpp(40): warning C4244: '초기화 중': 'double'에서 'int'(으)로 변환하면서 데이터가 손실될 수 있습니다.
d:\github\mine\minesweeper\minesweeper\minesweeper\minesweeper.cpp(41): warning C4244: '초기화 중': 'double'에서 'int'(으)로 변환하면서 데이터가 손실될 수 있습니다.
d:\github\mine\minesweeper\minesweeper\minesweeper\minesweeper.cpp(89): warning C4244: '초기화 중': 'double'에서 'int'(으)로 변환하면서 데이터가 손실될 수 있습니다.
d:\github\mine\minesweeper\minesweeper\minesweeper\minesweeper.cpp(90): warning C4244: '초기화 중': 'double'에서 'int'(으)로 변환하면서 데이터가 손실될 수 있습니다.
d:\github\mine\minesweeper\minesweeper\minesweeper\minesweeper.cpp(114): warning C4244: '초기화 중': 'double'에서 'int'(으)로 변환하면서 데이터가 손실될 수 있습니다.
d:\github\mine\minesweeper\minesweeper\minesweeper\minesweeper.cpp(115): warning C4244: '초기화 중': 'double'에서 'int'(으)로 변환하면서 데이터가 손실될 수 있습니다.
d:\github\mine\minesweeper\minesweeper\minesweeper\minesweeper.cpp(131): warning C4244: '초기화 중': 'double'에서 'int'(으)로 변환하면서 데이터가 손실될 수 있습니다.
d:\github\mine\minesweeper\minesweeper\minesweeper\minesweeper.cpp(132): warning C4244: '초기화 중': 'double'에서 'int'(으)로 변환하면서 데이터가 손실될 수 있습니다.
d:\github\mine\minesweeper\minesweeper\minesweeper\minesweeper.cpp(142): warning C4996: 'getch': The POSIX name for this item is deprecated. Instead, use the ISO C and C++ conformant name: _getch. See online help for details.
  c:\program files (x86)\windows kits\10\include\10.0.17763.0\ucrt\conio.h(453): note: 'getch' 선언을 참조하십시오.
d:\github\mine\minesweeper\minesweeper\minesweeper\minesweeper.cpp(148): warning C4101: 'End' :참조되지 않은 지역 변수입니다.
  코드를 생성하고 있습니다...
d:\github\mine\minesweeper\minesweeper\minesweeper\map.cpp(94): warning C4715: 'Map::CheckBlock': 모든 제어 경로에서 값을 반환하지는 않습니다.
d:\github\mine\minesweeper\minesweeper\minesweeper\map.cpp(128): warning C4715: 'Map::SearchMine': 모든 제어 경로에서 값을 반환하지는 않습니다.
  Minesweeper.vcxproj -> D:\Github\Mine\Minesweeper\Minesweeper\x64\Debug\Minesweeper.exe
