  Bitmap.cpp
d:\github\mine\minesweeper\minesweeper_winapi\minesweeper_winapi\bitmap.cpp(43): warning C4244: '인수': 'float'에서 'int'(으)로 변환하면서 데이터가 손실될 수 있습니다.
  BitmapManager.cpp
d:\github\mine\minesweeper\minesweeper_winapi\minesweeper_winapi\bitmapmanager.cpp(3): warning C4356: 'Singleton<BitmapManager>::_Singleton': 정적 데이터 멤버는 파생 클래스를 통해 초기화할 수 없습니다.
  Block.cpp
d:\github\mine\minesweeper\minesweeper_winapi\minesweeper_winapi\block.cpp(11): warning C4244: '=': 'int'에서 'float'(으)로 변환하면서 데이터가 손실될 수 있습니다.
d:\github\mine\minesweeper\minesweeper_winapi\minesweeper_winapi\block.cpp(12): warning C4244: '=': 'int'에서 'float'(으)로 변환하면서 데이터가 손실될 수 있습니다.
d:\github\mine\minesweeper\minesweeper_winapi\minesweeper_winapi\block.cpp(21): warning C4244: '=': 'float'에서 'LONG'(으)로 변환하면서 데이터가 손실될 수 있습니다.
d:\github\mine\minesweeper\minesweeper_winapi\minesweeper_winapi\block.cpp(22): warning C4244: '=': 'float'에서 'LONG'(으)로 변환하면서 데이터가 손실될 수 있습니다.
d:\github\mine\minesweeper\minesweeper_winapi\minesweeper_winapi\block.cpp(23): warning C4244: '=': 'float'에서 'LONG'(으)로 변환하면서 데이터가 손실될 수 있습니다.
d:\github\mine\minesweeper\minesweeper_winapi\minesweeper_winapi\block.cpp(24): warning C4244: '=': 'float'에서 'LONG'(으)로 변환하면서 데이터가 손실될 수 있습니다.
d:\github\mine\minesweeper\minesweeper_winapi\minesweeper_winapi\block.cpp(36): warning C4244: '인수': 'float'에서 'int'(으)로 변환하면서 데이터가 손실될 수 있습니다.
d:\github\mine\minesweeper\minesweeper_winapi\minesweeper_winapi\block.cpp(38): warning C4244: '인수': 'float'에서 'int'(으)로 변환하면서 데이터가 손실될 수 있습니다.
d:\github\mine\minesweeper\minesweeper_winapi\minesweeper_winapi\block.cpp(46): warning C4244: '인수': 'float'에서 'int'(으)로 변환하면서 데이터가 손실될 수 있습니다.
d:\github\mine\minesweeper\minesweeper_winapi\minesweeper_winapi\block.cpp(48): warning C4244: '인수': 'float'에서 'int'(으)로 변환하면서 데이터가 손실될 수 있습니다.
d:\github\mine\minesweeper\minesweeper_winapi\minesweeper_winapi\block.cpp(54): warning C4244: '인수': 'float'에서 'int'(으)로 변환하면서 데이터가 손실될 수 있습니다.
d:\github\mine\minesweeper\minesweeper_winapi\minesweeper_winapi\block.cpp(60): warning C4244: '인수': 'float'에서 'int'(으)로 변환하면서 데이터가 손실될 수 있습니다.
d:\github\mine\minesweeper\minesweeper_winapi\minesweeper_winapi\block.cpp(62): warning C4244: '인수': 'float'에서 'int'(으)로 변환하면서 데이터가 손실될 수 있습니다.
  GameManager.cpp
d:\github\mine\minesweeper\minesweeper_winapi\minesweeper_winapi\gamemanager.cpp(26): warning C4244: '인수': 'double'에서 'int'(으)로 변환하면서 데이터가 손실될 수 있습니다.
d:\github\mine\minesweeper\minesweeper_winapi\minesweeper_winapi\gamemanager.cpp(50): warning C4244: '인수': 'double'에서 'int'(으)로 변환하면서 데이터가 손실될 수 있습니다.
d:\github\mine\minesweeper\minesweeper_winapi\minesweeper_winapi\gamemanager.cpp(122): warning C4244: '인수': 'float'에서 'int'(으)로 변환하면서 데이터가 손실될 수 있습니다.
d:\github\mine\minesweeper\minesweeper_winapi\minesweeper_winapi\gamemanager.cpp(159): warning C4244: '인수': 'double'에서 'int'(으)로 변환하면서 데이터가 손실될 수 있습니다.
d:\github\mine\minesweeper\minesweeper_winapi\minesweeper_winapi\gamemanager.cpp(163): warning C4244: '인수': 'double'에서 'int'(으)로 변환하면서 데이터가 손실될 수 있습니다.
  Map.cpp
d:\github\mine\minesweeper\minesweeper_winapi\minesweeper_winapi\map.cpp(24): warning C4244: '초기화 중': 'LONG'에서 'float'(으)로 변환하면서 데이터가 손실될 수 있습니다.
d:\github\mine\minesweeper\minesweeper_winapi\minesweeper_winapi\map.cpp(25): warning C4244: '초기화 중': 'LONG'에서 'float'(으)로 변환하면서 데이터가 손실될 수 있습니다.
d:\github\mine\minesweeper\minesweeper_winapi\minesweeper_winapi\map.cpp(27): warning C4244: '인수': 'float'에서 'int'(으)로 변환하면서 데이터가 손실될 수 있습니다.
d:\github\mine\minesweeper\minesweeper_winapi\minesweeper_winapi\map.cpp(193): warning C4244: '인수': 'float'에서 'int'(으)로 변환하면서 데이터가 손실될 수 있습니다.
  BlockFactory.cpp
  MineMain.cpp
  코드를 생성하고 있습니다...
d:\github\mine\minesweeper\minesweeper_winapi\minesweeper_winapi\map.cpp(208): warning C4715: 'Map::Collision': 모든 제어 경로에서 값을 반환하지는 않습니다.
  Minesweeper_Winapi.vcxproj -> D:\Github\Mine\Minesweeper\Minesweeper_Winapi\Minesweeper_Winapi\x64\Debug\Minesweeper_Winapi.exe
